<?xml version="1.0" encoding="UTF-8"?>
<!-- Generated by org.testng.reporters.JUnitXMLReporter -->
<testsuite ignored="0" hostname="DESKTOP-GUPA5RI" failures="0" tests="3" name="Test456" time="28.041" errors="0" timestamp="2021-09-02T20:59:18 EDT">
  <testcase classname="tests.indexpageTest" name="loginTest" time="2.355"/>
  <testcase classname="tests.indexpageTest" name="loginTest" time="2.405"/>
  <testcase classname="tests.indexpageTest" name="loginTest" time="2.436"/>
</testsuite> <!-- Test456 -->
