<?xml version="1.0" encoding="UTF-8"?>
<!-- Generated by org.testng.reporters.JUnitXMLReporter -->
<testsuite ignored="0" hostname="DESKTOP-GUPA5RI" failures="0" tests="7" name="Test" time="52.967" errors="0" timestamp="2021-09-02T23:33:08 EDT">
  <testcase classname="tests.HalisBurtonCountyTest" name="DropDownItemsTest" time="2.304"/>
  <testcase classname="tests.HalisBurtonCountyTest" name="TitleTest" time="0.027"/>
  <testcase classname="tests.HalisBurtonCountyTest" name="dropDownTest" time="2.415"/>
  <testcase classname="tests.indexpageTest" name="loginTest" time="2.302"/>
  <testcase classname="tests.indexpageTest" name="loginTest" time="2.292"/>
  <testcase classname="tests.indexpageTest" name="loginTest" time="2.311"/>
  <testcase classname="tests.indexpageTest" name="titleTest" time="0.009"/>
</testsuite> <!-- Test -->
