-------------------------------------------------------------------------------
Test set: TestSuite
-------------------------------------------------------------------------------
Tests run: 8, Failures: 1, Errors: 0, Skipped: 0, Time elapsed: 71.392 s <<< FAILURE! - in TestSuite
tests.indexpageTest.delibratelyFailedTest  Time elapsed: 0 s  <<< FAILURE!
java.lang.AssertionError: expected [false] but found [true]
	at tests.indexpageTest.delibratelyFailedTest(indexpageTest.java:53)

